{
  "stats": {
    "suites": 1,
    "tests": 7,
    "passes": 7,
    "pending": 0,
    "failures": 0,
    "start": "2025-06-11T06:41:18.807Z",
    "end": "2025-06-11T06:41:30.546Z",
    "duration": 11739,
    "testsRegistered": 7,
    "passPercent": 100,
    "pendingPercent": 0,
    "other": 0,
    "hasOther": false,
    "skipped": 0,
    "hasSkipped": false
  },
  "results": [
    {
      "uuid": "171f2877-4a37-42ca-9dca-b30813cd1d23",
      "title": "",
      "fullFile": "cypress\\e2e\\spec.cy.js",
      "file": "cypress\\e2e\\spec.cy.js",
      "beforeHooks": [],
      "afterHooks": [],
      "tests": [],
      "suites": [
        {
          "uuid": "f609bdeb-4f83-4ba8-b916-6fbd44af3e6e",
          "title": "Test goals on clickup",
          "fullFile": "",
          "file": "",
          "beforeHooks": [],
          "afterHooks": [],
          "tests": [
            {
              "title": "Should sent Get_Tasks_simple request and return 200",
              "fullTitle": "Test goals on clickup Should sent Get_Tasks_simple request and return 200",
              "timedOut": null,
              "duration": 903,
              "state": "passed",
              "speed": "fast",
              "pass": true,
              "fail": false,
              "pending": false,
              "context": null,
              "code": "//url, method, header, body\ncy.sentRequest('list/901511896594/task', 'GET').then(response => {\n  expect(response.status).to.eq(200);\n});",
              "err": {},
              "uuid": "430c2268-15e1-43cc-a5a3-952f12bd6132",
              "parentUUID": "f609bdeb-4f83-4ba8-b916-6fbd44af3e6e",
              "isHook": false,
              "skipped": false
            },
            {
              "title": "Should sent PUT request and return 200",
              "fullTitle": "Test goals on clickup Should sent PUT request and return 200",
              "timedOut": null,
              "duration": 2002,
              "state": "passed",
              "speed": "fast",
              "pass": true,
              "fail": false,
              "pending": false,
              "context": null,
              "code": "cy.updateTask().then(response => {\n  expect(response.status).to.eql(204);\n});",
              "err": {},
              "uuid": "420a452a-6a00-4e07-8de6-984eeac78e67",
              "parentUUID": "f609bdeb-4f83-4ba8-b916-6fbd44af3e6e",
              "isHook": false,
              "skipped": false
            },
            {
              "title": "Should sent POST request and return 200",
              "fullTitle": "Test goals on clickup Should sent POST request and return 200",
              "timedOut": null,
              "duration": 2974,
              "state": "passed",
              "speed": "fast",
              "pass": true,
              "fail": false,
              "pending": false,
              "context": null,
              "code": "cy.createTask().then(response => {\n  cy.log(response.duration);\n  expect(response.status).to.eq(200);\n  cy.wrap(response.body.id).as('taskId');\n});\ncy.get('@taskId').then(id => {\n  cy.sentRequest('task/' + id, 'GET').then(response => {\n    expect(response.status).to.eq(200);\n  });\n  cy.sentRequest('task/' + id, 'DELETE').then(response => {\n    expect(response.status).to.eql(204);\n  });\n});",
              "err": {},
              "uuid": "1fc98df7-e197-403c-8d0f-8524d566c665",
              "parentUUID": "f609bdeb-4f83-4ba8-b916-6fbd44af3e6e",
              "isHook": false,
              "skipped": false
            },
            {
              "title": "Should sent GET_TASKS request and return 200",
              "fullTitle": "Test goals on clickup Should sent GET_TASKS request and return 200",
              "timedOut": null,
              "duration": 2293,
              "state": "passed",
              "speed": "fast",
              "pass": true,
              "fail": false,
              "pending": false,
              "context": null,
              "code": "cy.createTask().then(response => {\n  cy.wrap(response.body.id).as('taskId_1');\n});\ncy.createTask().then(response => {\n  cy.wrap(response.body.id).as('taskId_2');\n});\ncy.getTasks().then(response => {\n  expect(response.status).to.eq(200);\n});\ncy.get('@taskId_1').then(id => {\n  cy.sentRequest('task/' + id, 'DELETE').then(response => {\n    expect(response.status).to.eql(204);\n  });\n  cy.get('@taskId_2').then(id => {\n    cy.sentRequest('task/' + id, 'DELETE').then(response => {\n      expect(response.status).to.eql(204);\n    });\n  });\n});",
              "err": {},
              "uuid": "9b5861d9-639d-45e7-9d3d-07abcc5302aa",
              "parentUUID": "f609bdeb-4f83-4ba8-b916-6fbd44af3e6e",
              "isHook": false,
              "skipped": false
            },
            {
              "title": "Should sent POST request and return 401",
              "fullTitle": "Test goals on clickup Should sent POST request and return 401",
              "timedOut": null,
              "duration": 144,
              "state": "passed",
              "speed": "fast",
              "pass": true,
              "fail": false,
              "pending": false,
              "context": null,
              "code": "cy.sentRequest_false('list/901511896594/task', 'POST', {\n  \"name\": _faker.faker.internet.username()\n}).then(response => {\n  expect(response.status).to.eq(401);\n});",
              "err": {},
              "uuid": "896d13ca-79ca-463b-98f4-96fe93611315",
              "parentUUID": "f609bdeb-4f83-4ba8-b916-6fbd44af3e6e",
              "isHook": false,
              "skipped": false
            },
            {
              "title": "Should sent POST request without body and return 400",
              "fullTitle": "Test goals on clickup Should sent POST request without body and return 400",
              "timedOut": null,
              "duration": 293,
              "state": "passed",
              "speed": "fast",
              "pass": true,
              "fail": false,
              "pending": false,
              "context": null,
              "code": "cy.request({\n  url: 'https://api.clickup.com/api/v2/list/901511896594/task',\n  method: 'POST',\n  headers: {\n    'Authorization': 'pk_200589300_JCKLZL75NT02BXJ5IT3H76WVZJO0Q892',\n    'Content-Type': 'application/json'\n  },\n  failOnStatusCode: false\n}).then(response => {\n  expect(response.status).to.eq(400);\n});",
              "err": {},
              "uuid": "c18f29aa-405a-48bf-96f3-bb885cf2c0cd",
              "parentUUID": "f609bdeb-4f83-4ba8-b916-6fbd44af3e6e",
              "isHook": false,
              "skipped": false
            },
            {
              "title": "Should sent POST request without the correct list_id and return 400",
              "fullTitle": "Test goals on clickup Should sent POST request without the correct list_id and return 400",
              "timedOut": null,
              "duration": 1726,
              "state": "passed",
              "speed": "fast",
              "pass": true,
              "fail": false,
              "pending": false,
              "context": null,
              "code": "cy.request({\n  url: 'https://api.clickup.com/api/v2/list/9015118965946666/task',\n  method: 'POST',\n  headers: {\n    'Authorization': 'pk_200589300_JCKLZL75NT02BXJ5IT3H76WVZJO0Q892',\n    'Content-Type': 'application/json'\n  },\n  failOnStatusCode: false,\n  body: {\n    \"name\": _faker.faker.internet.username()\n  }\n}).then(response => {\n  expect(response.status).to.eq(401);\n});",
              "err": {},
              "uuid": "8e19b88e-5b22-452e-bd85-5bcc9bee99c8",
              "parentUUID": "f609bdeb-4f83-4ba8-b916-6fbd44af3e6e",
              "isHook": false,
              "skipped": false
            }
          ],
          "suites": [],
          "passes": [
            "430c2268-15e1-43cc-a5a3-952f12bd6132",
            "420a452a-6a00-4e07-8de6-984eeac78e67",
            "1fc98df7-e197-403c-8d0f-8524d566c665",
            "9b5861d9-639d-45e7-9d3d-07abcc5302aa",
            "896d13ca-79ca-463b-98f4-96fe93611315",
            "c18f29aa-405a-48bf-96f3-bb885cf2c0cd",
            "8e19b88e-5b22-452e-bd85-5bcc9bee99c8"
          ],
          "failures": [],
          "pending": [],
          "skipped": [],
          "duration": 10335,
          "root": false,
          "rootEmpty": false,
          "_timeout": 2000
        }
      ],
      "passes": [],
      "failures": [],
      "pending": [],
      "skipped": [],
      "duration": 0,
      "root": true,
      "rootEmpty": true,
      "_timeout": 2000
    }
  ],
  "meta": {
    "mocha": {
      "version": "7.2.0"
    },
    "mochawesome": {
      "options": {
        "quiet": false,
        "reportFilename": "mochawesome",
        "saveHtml": true,
        "saveJson": true,
        "consoleReporter": "spec",
        "useInlineDiffs": false,
        "code": true
      },
      "version": "7.1.3"
    },
    "marge": {
      "options": null,
      "version": "6.2.0"
    }
  }
}